2026-07-02 17:07:04,154 INFO o.a.j.u.JMeterUtils: Setting Locale to en_EN
2026-07-02 17:07:04,181 INFO o.a.j.JMeter: Loading user properties from: C:\Users\Admin\Downloads\apache-jmeter-5.6.3\apache-jmeter-5.6.3\bin\user.properties
2026-07-02 17:07:04,181 INFO o.a.j.JMeter: Loading system properties from: C:\Users\Admin\Downloads\apache-jmeter-5.6.3\apache-jmeter-5.6.3\bin\system.properties
2026-07-02 17:07:04,186 INFO o.a.j.JMeter: Copyright (c) 1998-2024 The Apache Software Foundation
2026-07-02 17:07:04,186 INFO o.a.j.JMeter: Version 5.6.3
2026-07-02 17:07:04,186 INFO o.a.j.JMeter: java.version=21.0.9
2026-07-02 17:07:04,186 INFO o.a.j.JMeter: java.vm.name=Java HotSpot(TM) 64-Bit Server VM
2026-07-02 17:07:04,186 INFO o.a.j.JMeter: os.name=Windows 11
2026-07-02 17:07:04,186 INFO o.a.j.JMeter: os.arch=amd64
2026-07-02 17:07:04,186 INFO o.a.j.JMeter: os.version=10.0
2026-07-02 17:07:04,186 INFO o.a.j.JMeter: file.encoding=UTF-8
2026-07-02 17:07:04,186 INFO o.a.j.JMeter: java.awt.headless=null
2026-07-02 17:07:04,186 INFO o.a.j.JMeter: Max memory     =1073741824
2026-07-02 17:07:04,186 INFO o.a.j.JMeter: Available Processors =12
2026-07-02 17:07:04,200 INFO o.a.j.JMeter: Default Locale=English (EN)
2026-07-02 17:07:04,200 INFO o.a.j.JMeter: JMeter  Locale=English (EN)
2026-07-02 17:07:04,200 INFO o.a.j.JMeter: JMeterHome=C:\Users\Admin\Downloads\apache-jmeter-5.6.3\apache-jmeter-5.6.3
2026-07-02 17:07:04,200 INFO o.a.j.JMeter: user.dir  =D:\Disk D\ApacheJMeter\Performance Testing Toolkit\pt-toolkit
2026-07-02 17:07:04,200 INFO o.a.j.JMeter: PWD       =D:\Disk D\ApacheJMeter\Performance Testing Toolkit\pt-toolkit
2026-07-02 17:07:04,200 INFO o.a.j.JMeter: IP: 192.168.1.16 Name: DESKTOP-G4SRMUE FullName: DESKTOP-G4SRMUE
2026-07-02 17:07:04,217 INFO o.a.j.JMeter: Loaded icon properties from org/apache/jmeter/images/icon.properties
2026-07-02 17:07:04,531 INFO o.a.j.JMeterGuiLauncher: Setting LAF to: com.github.weisj.darklaf.DarkLaf:com.github.weisj.darklaf.theme.DarculaTheme
2026-07-02 17:07:05,588 INFO o.a.j.r.ClassFinder: Will scan jar C:\Users\Admin\Downloads\apache-jmeter-5.6.3\apache-jmeter-5.6.3\lib\ext\jmeter-plugins-graphs-basic-2.0.jar with filter ExtendsClassFilter [parents=[interface org.apache.jmeter.gui.action.Command], inner=false, contains=null, notContains=null]. Consider exposing JMeter plugins via META-INF/services, and add JMeter-Skip-Class-Scanning=true manifest attribute so JMeter can skip classfile scanning
2026-07-02 17:07:05,598 INFO o.a.j.r.ClassFinder: Will scan jar C:\Users\Admin\Downloads\apache-jmeter-5.6.3\apache-jmeter-5.6.3\lib\ext\jmeter-plugins-casutg-3.1.1.jar with filter ExtendsClassFilter [parents=[interface org.apache.jmeter.gui.action.Command], inner=false, contains=null, notContains=null]. Consider exposing JMeter plugins via META-INF/services, and add JMeter-Skip-Class-Scanning=true manifest attribute so JMeter can skip classfile scanning
2026-07-02 17:07:05,619 INFO o.a.j.r.ClassFinder: Will scan jar C:\Users\Admin\Downloads\apache-jmeter-5.6.3\apache-jmeter-5.6.3\lib\ext\jmeter-prometheus-plugin-0.6.0.jar with filter ExtendsClassFilter [parents=[interface org.apache.jmeter.gui.action.Command], inner=false, contains=null, notContains=null]. Consider exposing JMeter plugins via META-INF/services, and add JMeter-Skip-Class-Scanning=true manifest attribute so JMeter can skip classfile scanning
2026-07-02 17:07:05,634 INFO o.a.j.r.ClassFinder: Will scan jar C:\Users\Admin\Downloads\apache-jmeter-5.6.3\apache-jmeter-5.6.3\lib\ext\jmeter-plugins-manager-1.12.jar with filter ExtendsClassFilter [parents=[interface org.apache.jmeter.gui.action.Command], inner=false, contains=null, notContains=null]. Consider exposing JMeter plugins via META-INF/services, and add JMeter-Skip-Class-Scanning=true manifest attribute so JMeter can skip classfile scanning
2026-07-02 17:07:05,728 INFO o.a.j.r.ClassFinder: Will scan jar C:\Users\Admin\Downloads\apache-jmeter-5.6.3\apache-jmeter-5.6.3\lib\ext\jmeter-plugins-manager-1.11.jar with filter ExtendsClassFilter [parents=[interface org.apache.jmeter.gui.action.Command], inner=false, contains=null, notContains=null]. Consider exposing JMeter plugins via META-INF/services, and add JMeter-Skip-Class-Scanning=true manifest attribute so JMeter can skip classfile scanning
2026-07-02 17:07:05,735 INFO o.a.j.r.ClassFinder: Will scan jar C:\Users\Admin\Downloads\apache-jmeter-5.6.3\apache-jmeter-5.6.3\lib\ext\jmeter-plugins-graphs-additional-2.0.jar with filter ExtendsClassFilter [parents=[interface org.apache.jmeter.gui.action.Command], inner=false, contains=null, notContains=null]. Consider exposing JMeter plugins via META-INF/services, and add JMeter-Skip-Class-Scanning=true manifest attribute so JMeter can skip classfile scanning
2026-07-02 17:07:05,792 INFO o.a.j.r.ClassFinder: Will scan jar C:\Users\Admin\Downloads\apache-jmeter-5.6.3\apache-jmeter-5.6.3\lib\ext\jmeter-plugins-graphs-basic-2.0.jar with filter ExtendsClassFilter [parents=[interface org.apache.jmeter.gui.plugin.MenuCreator], inner=false, contains=null, notContains=null]. Consider exposing JMeter plugins via META-INF/services, and add JMeter-Skip-Class-Scanning=true manifest attribute so JMeter can skip classfile scanning
2026-07-02 17:07:05,794 INFO o.a.j.r.ClassFinder: Will scan jar C:\Users\Admin\Downloads\apache-jmeter-5.6.3\apache-jmeter-5.6.3\lib\ext\jmeter-plugins-casutg-3.1.1.jar with filter ExtendsClassFilter [parents=[interface org.apache.jmeter.gui.plugin.MenuCreator], inner=false, contains=null, notContains=null]. Consider exposing JMeter plugins via META-INF/services, and add JMeter-Skip-Class-Scanning=true manifest attribute so JMeter can skip classfile scanning
2026-07-02 17:07:05,796 INFO o.a.j.r.ClassFinder: Will scan jar C:\Users\Admin\Downloads\apache-jmeter-5.6.3\apache-jmeter-5.6.3\lib\ext\jmeter-prometheus-plugin-0.6.0.jar with filter ExtendsClassFilter [parents=[interface org.apache.jmeter.gui.plugin.MenuCreator], inner=false, contains=null, notContains=null]. Consider exposing JMeter plugins via META-INF/services, and add JMeter-Skip-Class-Scanning=true manifest attribute so JMeter can skip classfile scanning
2026-07-02 17:07:05,796 INFO o.a.j.r.ClassFinder: Will scan jar C:\Users\Admin\Downloads\apache-jmeter-5.6.3\apache-jmeter-5.6.3\lib\ext\jmeter-plugins-manager-1.12.jar with filter ExtendsClassFilter [parents=[interface org.apache.jmeter.gui.plugin.MenuCreator], inner=false, contains=null, notContains=null]. Consider exposing JMeter plugins via META-INF/services, and add JMeter-Skip-Class-Scanning=true manifest attribute so JMeter can skip classfile scanning
2026-07-02 17:07:05,796 INFO o.a.j.r.ClassFinder: Will scan jar C:\Users\Admin\Downloads\apache-jmeter-5.6.3\apache-jmeter-5.6.3\lib\ext\jmeter-plugins-manager-1.11.jar with filter ExtendsClassFilter [parents=[interface org.apache.jmeter.gui.plugin.MenuCreator], inner=false, contains=null, notContains=null]. Consider exposing JMeter plugins via META-INF/services, and add JMeter-Skip-Class-Scanning=true manifest attribute so JMeter can skip classfile scanning
2026-07-02 17:07:05,796 INFO o.a.j.r.ClassFinder: Will scan jar C:\Users\Admin\Downloads\apache-jmeter-5.6.3\apache-jmeter-5.6.3\lib\ext\jmeter-plugins-graphs-additional-2.0.jar with filter ExtendsClassFilter [parents=[interface org.apache.jmeter.gui.plugin.MenuCreator], inner=false, contains=null, notContains=null]. Consider exposing JMeter plugins via META-INF/services, and add JMeter-Skip-Class-Scanning=true manifest attribute so JMeter can skip classfile scanning
2026-07-02 17:07:05,855 WARN o.j.r.PluginManager: Found JAR conflict: C:\Users\Admin\Downloads\apache-jmeter-5.6.3\apache-jmeter-5.6.3\lib\ext\jmeter-plugins-manager-1.12.jar and C:\Users\Admin\Downloads\apache-jmeter-5.6.3\apache-jmeter-5.6.3\lib\ext\jmeter-plugins-manager-1.11.jar
2026-07-02 17:07:05,907 INFO o.j.r.JARSourceHTTP: Requesting https://jmeter-plugins.org/repo/?installID=jenkins-6a9b529dcb3b65821490a26c52ae619d-gui
2026-07-02 17:07:08,594 INFO o.j.r.PluginManager: Plugins Status: [jpgc-graphs-basic=2.0, jpgc-graphs-additional=2.0, jpgc-casutg=3.1.1, jpgc-plugins-manager=1.11, jmeter-prometheus=0.6.0, jmeter-core=5.6.3, jmeter-ftp=5.6.3, jmeter-http=5.6.3, jmeter-jdbc=5.6.3, jmeter-jms=5.6.3, jmeter-junit=5.6.3, jmeter-java=5.6.3, jmeter-ldap=5.6.3, jmeter-mail=5.6.3, jmeter-mongodb=5.6.3, jmeter-native=5.6.3, jmeter-tcp=5.6.3, jmeter-components=5.6.3]
2026-07-02 17:07:08,596 INFO o.j.r.PluginManagerMenuItem: Plugins Manager has upgrades: [jpgc-plugins-manager]
